app/build/intermediates/manifest_merge_blame_file/npcRelease/manifest-merger-blame-npc-release-report.txt
1<?xml version="1.0" encoding="utf-8"?>
2<manifest xmlns:android="http://schemas.android.com/apk/res/android"
3    package="com.aaptrix.npc"
4    android:versionCode="29"
5    android:versionName="v2.0.9" >
6
7    <uses-sdk
8        android:minSdkVersion="21"
8-->src\main\AndroidManifest.xml
9        android:targetSdkVersion="29" />
9-->src\main\AndroidManifest.xml
10
11    <uses-permission android:name="android.permission.INTERNET" />
11-->src\main\AndroidManifest.xml:6:5-67
11-->src\main\AndroidManifest.xml:6:22-64
12    <uses-permission android:name="android.permission.CALL_PHONE" />
12-->src\main\AndroidManifest.xml:7:5-69
12-->src\main\AndroidManifest.xml:7:22-66
13    <uses-permission android:name="android.permission.CAMERA" />
13-->src\main\AndroidManifest.xml:8:5-65
13-->src\main\AndroidManifest.xml:8:22-62
14    <uses-permission android:name="android.permission.WRITE_EXTERNAL_STORAGE" />
14-->src\main\AndroidManifest.xml:9:5-81
14-->src\main\AndroidManifest.xml:9:22-78
15    <uses-permission android:name="android.permission.READ_EXTERNAL_STORAGE" />
15-->src\main\AndroidManifest.xml:10:5-80
15-->src\main\AndroidManifest.xml:10:22-77
16    <uses-permission android:name="android.permission.ACCESS_NETWORK_STATE" />
16-->src\main\AndroidManifest.xml:11:5-79
16-->src\main\AndroidManifest.xml:11:22-76
17    <uses-permission android:name="android.permission.ACCESS_FINE_LOCATION" />
17-->src\main\AndroidManifest.xml:12:5-79
17-->src\main\AndroidManifest.xml:12:22-76
18    <uses-permission android:name="android.permission.ACCESS_COARSE_LOCATION" />
18-->src\main\AndroidManifest.xml:13:5-81
18-->src\main\AndroidManifest.xml:13:22-78
19    <uses-permission android:name="android.permission.SYSTEM_ALERT_WINDOW" />
19-->src\main\AndroidManifest.xml:14:5-78
19-->src\main\AndroidManifest.xml:14:22-75
20    <uses-permission android:name="android.permission.DOWNLOAD_WITHOUT_NOTIFICATION" />
20-->src\main\AndroidManifest.xml:15:5-88
20-->src\main\AndroidManifest.xml:15:22-85
21    <uses-permission android:name="android.permission.WAKE_LOCK" /> <!-- Required by older versions of Google Play services to create IID tokens -->
21-->[com.google.android.gms:play-services-measurement-api:17.4.3] AndroidManifest.xml:24:5-68
21-->[com.google.android.gms:play-services-measurement-api:17.4.3] AndroidManifest.xml:24:22-65
22    <uses-permission android:name="com.google.android.c2dm.permission.RECEIVE" />
22-->[com.google.firebase:firebase-iid:20.2.1] AndroidManifest.xml:26:5-82
22-->[com.google.firebase:firebase-iid:20.2.1] AndroidManifest.xml:26:22-79
23
24    <uses-feature
24-->[com.google.android.gms:play-services-maps:17.0.0] AndroidManifest.xml:26:5-28:35
25        android:glEsVersion="0x00020000"
25-->[com.google.android.gms:play-services-maps:17.0.0] AndroidManifest.xml:27:9-41
26        android:required="true" />
26-->[com.google.android.gms:play-services-maps:17.0.0] AndroidManifest.xml:28:9-32
27
28    <uses-permission android:name="com.google.android.finsky.permission.BIND_GET_INSTALL_REFERRER_SERVICE" />
28-->[com.google.android.gms:play-services-measurement:17.4.3] AndroidManifest.xml:26:5-110
28-->[com.google.android.gms:play-services-measurement:17.4.3] AndroidManifest.xml:26:22-107
29
30    <application
31        android:name="androidx.multidex.MultiDexApplication"
31-->src\main\AndroidManifest.xml:18:9-61
32        android:allowBackup="false"
32-->src\main\AndroidManifest.xml:19:9-36
33        android:appComponentFactory="androidx.core.app.CoreComponentFactory"
33-->[androidx.core:core:1.3.0] AndroidManifest.xml:24:18-86
34        android:fullBackupContent="true"
34-->src\main\AndroidManifest.xml:20:9-41
35        android:hardwareAccelerated="true"
35-->src\main\AndroidManifest.xml:21:9-43
36        android:icon="@mipmap/ic_launcher"
36-->src\main\AndroidManifest.xml:22:9-34
37        android:label="@string/app_name"
37-->src\main\AndroidManifest.xml:23:9-41
38        android:largeHeap="true"
38-->src\main\AndroidManifest.xml:24:9-33
39        android:requestLegacyExternalStorage="true"
39-->src\main\AndroidManifest.xml:25:9-52
40        android:roundIcon="@mipmap/ic_launcher_round"
40-->src\main\AndroidManifest.xml:26:9-44
41        android:screenOrientation="portrait"
41-->src\main\AndroidManifest.xml:27:9-45
42        android:supportsRtl="true"
42-->src\main\AndroidManifest.xml:28:9-35
43        android:theme="@style/AppTheme.NoActionBar"
43-->src\main\AndroidManifest.xml:29:9-52
44        android:usesCleartextTraffic="true" >
44-->src\main\AndroidManifest.xml:30:9-44
45        <activity android:name="com.aaptrix.activitys.guest.GuestAnswerSheet" />
45-->src\main\AndroidManifest.xml:33:9-80
45-->src\main\AndroidManifest.xml:33:19-78
46        <activity android:name="com.aaptrix.activitys.guest.GuestExamReport" />
46-->src\main\AndroidManifest.xml:34:9-80
46-->src\main\AndroidManifest.xml:34:19-77
47        <activity android:name="com.aaptrix.activitys.guest.GenerateLead" />
47-->src\main\AndroidManifest.xml:35:9-77
47-->src\main\AndroidManifest.xml:35:19-74
48        <activity android:name="com.aaptrix.activitys.guest.StartGuestExam" />
48-->src\main\AndroidManifest.xml:36:9-79
48-->src\main\AndroidManifest.xml:36:19-76
49        <activity android:name="com.aaptrix.activitys.guest.GuestExam" />
49-->src\main\AndroidManifest.xml:37:9-74
49-->src\main\AndroidManifest.xml:37:19-71
50        <activity android:name="com.aaptrix.activitys.guest.GuestMaterial" />
50-->src\main\AndroidManifest.xml:38:9-78
50-->src\main\AndroidManifest.xml:38:19-75
51        <activity android:name="com.aaptrix.activitys.guest.GuestVideo" />
51-->src\main\AndroidManifest.xml:39:9-75
51-->src\main\AndroidManifest.xml:39:19-72
52        <activity
52-->src\main\AndroidManifest.xml:40:9-44:71
53            android:name="com.aaptrix.activitys.student.PlayLiveStream"
53-->src\main\AndroidManifest.xml:41:13-72
54            android:configChanges="orientation|screenSize|layoutDirection"
54-->src\main\AndroidManifest.xml:42:13-75
55            android:screenOrientation="portrait"
55-->src\main\AndroidManifest.xml:43:13-49
56            android:windowSoftInputMode="stateVisible|adjustResize" />
56-->src\main\AndroidManifest.xml:44:13-68
57        <activity
57-->src\main\AndroidManifest.xml:45:9-49:55
58            android:name="com.aaptrix.activitys.admin.AddLiveStream"
58-->src\main\AndroidManifest.xml:46:13-69
59            android:configChanges="orientation|screenSize"
59-->src\main\AndroidManifest.xml:47:13-59
60            android:screenOrientation="portrait"
60-->src\main\AndroidManifest.xml:48:13-49
61            android:windowSoftInputMode="adjustPan" />
61-->src\main\AndroidManifest.xml:49:13-52
62        <activity
62-->src\main\AndroidManifest.xml:50:9-53:55
63            android:name="com.aaptrix.activitys.student.LiveStreaming"
63-->src\main\AndroidManifest.xml:51:13-71
64            android:screenOrientation="portrait"
64-->src\main\AndroidManifest.xml:52:13-49
65            android:windowSoftInputMode="adjustPan" />
65-->src\main\AndroidManifest.xml:53:13-52
66        <activity
66-->src\main\AndroidManifest.xml:54:9-57:55
67            android:name="com.aaptrix.activitys.GetHelp"
67-->src\main\AndroidManifest.xml:55:13-57
68            android:screenOrientation="portrait"
68-->src\main\AndroidManifest.xml:56:13-49
69            android:windowSoftInputMode="adjustPan" />
69-->src\main\AndroidManifest.xml:57:13-52
70        <activity
70-->src\main\AndroidManifest.xml:58:9-62:56
71            android:name="com.aaptrix.activitys.TroubleLoggingIn"
71-->src\main\AndroidManifest.xml:59:13-66
72            android:screenOrientation="portrait"
72-->src\main\AndroidManifest.xml:60:13-49
73            android:windowSoftInputMode="adjustPan" />
73-->src\main\AndroidManifest.xml:61:13-52
74        <activity
74-->src\main\AndroidManifest.xml:63:9-67:56
75            android:name="com.aaptrix.activitys.student.PaymentSuccess"
75-->src\main\AndroidManifest.xml:64:13-72
76            android:screenOrientation="portrait"
76-->src\main\AndroidManifest.xml:65:13-49
77            android:windowSoftInputMode="adjustPan" />
77-->src\main\AndroidManifest.xml:66:13-52
78        <activity
78-->src\main\AndroidManifest.xml:68:9-72:56
79            android:name="com.aaptrix.activitys.student.UpiPayment"
79-->src\main\AndroidManifest.xml:69:13-68
80            android:screenOrientation="portrait"
80-->src\main\AndroidManifest.xml:70:13-49
81            android:windowSoftInputMode="adjustPan" />
81-->src\main\AndroidManifest.xml:71:13-52
82        <activity
82-->src\main\AndroidManifest.xml:73:9-77:56
83            android:name="com.aaptrix.activitys.UserSelfRegistration"
83-->src\main\AndroidManifest.xml:74:13-70
84            android:screenOrientation="portrait"
84-->src\main\AndroidManifest.xml:75:13-49
85            android:windowSoftInputMode="adjustPan" />
85-->src\main\AndroidManifest.xml:76:13-52
86        <activity
86-->src\main\AndroidManifest.xml:78:9-82:56
87            android:name="com.aaptrix.activitys.student.FeePayment"
87-->src\main\AndroidManifest.xml:79:13-68
88            android:screenOrientation="portrait"
88-->src\main\AndroidManifest.xml:80:13-49
89            android:windowSoftInputMode="adjustPan" />
89-->src\main\AndroidManifest.xml:81:13-52
90        <activity
90-->src\main\AndroidManifest.xml:83:9-87:56
91            android:name="com.aaptrix.activitys.CoursesActivity"
91-->src\main\AndroidManifest.xml:84:13-65
92            android:screenOrientation="portrait"
92-->src\main\AndroidManifest.xml:85:13-49
93            android:windowSoftInputMode="adjustPan" />
93-->src\main\AndroidManifest.xml:86:13-52
94        <activity
94-->src\main\AndroidManifest.xml:88:9-92:56
95            android:name="com.aaptrix.activitys.InactiveInstitute"
95-->src\main\AndroidManifest.xml:89:13-67
96            android:screenOrientation="portrait"
96-->src\main\AndroidManifest.xml:90:13-49
97            android:windowSoftInputMode="adjustPan" />
97-->src\main\AndroidManifest.xml:91:13-52
98        <activity
98-->src\main\AndroidManifest.xml:93:9-97:56
99            android:name="com.aaptrix.activitys.admin.EnquiryDetails"
99-->src\main\AndroidManifest.xml:94:13-70
100            android:screenOrientation="portrait"
100-->src\main\AndroidManifest.xml:95:13-49
101            android:windowSoftInputMode="adjustPan" />
101-->src\main\AndroidManifest.xml:96:13-52
102        <activity
102-->src\main\AndroidManifest.xml:98:9-102:56
103            android:name="com.aaptrix.activitys.admin.Enquiries"
103-->src\main\AndroidManifest.xml:99:13-65
104            android:screenOrientation="portrait"
104-->src\main\AndroidManifest.xml:100:13-49
105            android:windowSoftInputMode="adjustPan" />
105-->src\main\AndroidManifest.xml:101:13-52
106        <activity
106-->src\main\AndroidManifest.xml:103:9-107:56
107            android:name="com.aaptrix.activitys.admin.UpdateClassTimeTable"
107-->src\main\AndroidManifest.xml:104:13-76
108            android:screenOrientation="portrait"
108-->src\main\AndroidManifest.xml:105:13-49
109            android:windowSoftInputMode="adjustPan" />
109-->src\main\AndroidManifest.xml:106:13-52
110
111        <service android:name="com.uxcam.service.HttpPostService" />
111-->src\main\AndroidManifest.xml:109:9-69
111-->src\main\AndroidManifest.xml:109:18-66
112
113        <activity
113-->src\main\AndroidManifest.xml:111:9-115:56
114            android:name="com.aaptrix.activitys.AddUserForm"
114-->src\main\AndroidManifest.xml:112:13-61
115            android:screenOrientation="portrait"
115-->src\main\AndroidManifest.xml:113:13-49
116            android:windowSoftInputMode="adjustPan" />
116-->src\main\AndroidManifest.xml:114:13-52
117        <activity
117-->src\main\AndroidManifest.xml:116:9-120:56
118            android:name="com.aaptrix.activitys.admin.AddExamTimeTable"
118-->src\main\AndroidManifest.xml:117:13-72
119            android:screenOrientation="portrait"
119-->src\main\AndroidManifest.xml:118:13-49
120            android:windowSoftInputMode="adjustPan" />
120-->src\main\AndroidManifest.xml:119:13-52
121        <activity
121-->src\main\AndroidManifest.xml:121:9-125:56
122            android:name="com.aaptrix.activitys.student.FeedbackActivity"
122-->src\main\AndroidManifest.xml:122:13-74
123            android:screenOrientation="portrait"
123-->src\main\AndroidManifest.xml:123:13-49
124            android:windowSoftInputMode="adjustPan" />
124-->src\main\AndroidManifest.xml:124:13-52
125        <activity
125-->src\main\AndroidManifest.xml:126:9-130:56
126            android:name="com.aaptrix.activitys.student.StaffDetails"
126-->src\main\AndroidManifest.xml:127:13-70
127            android:screenOrientation="portrait"
127-->src\main\AndroidManifest.xml:128:13-49
128            android:windowSoftInputMode="adjustPan" />
128-->src\main\AndroidManifest.xml:129:13-52
129        <activity
129-->src\main\AndroidManifest.xml:131:9-135:56
130            android:name="com.aaptrix.activitys.student.StaffActivity"
130-->src\main\AndroidManifest.xml:132:13-71
131            android:screenOrientation="portrait"
131-->src\main\AndroidManifest.xml:133:13-49
132            android:windowSoftInputMode="adjustPan" />
132-->src\main\AndroidManifest.xml:134:13-52
133        <activity
133-->src\main\AndroidManifest.xml:136:9-140:56
134            android:name="com.aaptrix.activitys.teacher.StudentAttenInter"
134-->src\main\AndroidManifest.xml:137:13-75
135            android:screenOrientation="portrait"
135-->src\main\AndroidManifest.xml:138:13-49
136            android:windowSoftInputMode="adjustPan" />
136-->src\main\AndroidManifest.xml:139:13-52
137        <activity
137-->src\main\AndroidManifest.xml:141:9-145:56
138            android:name="com.aaptrix.activitys.ReferralActivity"
138-->src\main\AndroidManifest.xml:142:13-66
139            android:screenOrientation="portrait"
139-->src\main\AndroidManifest.xml:143:13-49
140            android:windowSoftInputMode="adjustPan" />
140-->src\main\AndroidManifest.xml:144:13-52
141        <activity
141-->src\main\AndroidManifest.xml:146:9-150:56
142            android:name="com.aaptrix.activitys.student.SubjectwiseReport"
142-->src\main\AndroidManifest.xml:147:13-75
143            android:screenOrientation="portrait"
143-->src\main\AndroidManifest.xml:148:13-49
144            android:windowSoftInputMode="adjustPan" />
144-->src\main\AndroidManifest.xml:149:13-52
145        <activity
145-->src\main\AndroidManifest.xml:151:9-155:56
146            android:name="com.aaptrix.activitys.UserProfile"
146-->src\main\AndroidManifest.xml:152:13-61
147            android:screenOrientation="portrait"
147-->src\main\AndroidManifest.xml:153:13-49
148            android:windowSoftInputMode="adjustPan" />
148-->src\main\AndroidManifest.xml:154:13-52
149        <activity
149-->src\main\AndroidManifest.xml:156:9-159:55
150            android:name="com.aaptrix.activitys.AppInfo"
150-->src\main\AndroidManifest.xml:157:13-57
151            android:screenOrientation="portrait"
151-->src\main\AndroidManifest.xml:158:13-49
152            android:windowSoftInputMode="adjustPan" />
152-->src\main\AndroidManifest.xml:159:13-52
153        <activity
153-->src\main\AndroidManifest.xml:160:9-162:55
154            android:name="com.aaptrix.activitys.FullScrView"
154-->src\main\AndroidManifest.xml:161:13-61
155            android:windowSoftInputMode="adjustPan" />
155-->src\main\AndroidManifest.xml:162:13-52
156        <activity
156-->src\main\AndroidManifest.xml:163:9-166:55
157            android:name="com.aaptrix.activitys.teacher.StudentPerformance"
157-->src\main\AndroidManifest.xml:164:13-76
158            android:screenOrientation="portrait"
158-->src\main\AndroidManifest.xml:165:13-49
159            android:windowSoftInputMode="adjustPan" />
159-->src\main\AndroidManifest.xml:166:13-52
160        <activity
160-->src\main\AndroidManifest.xml:167:9-170:55
161            android:name="com.aaptrix.activitys.student.StudentResult"
161-->src\main\AndroidManifest.xml:168:13-71
162            android:screenOrientation="portrait"
162-->src\main\AndroidManifest.xml:169:13-49
163            android:windowSoftInputMode="adjustPan" />
163-->src\main\AndroidManifest.xml:170:13-52
164        <activity
164-->src\main\AndroidManifest.xml:171:9-174:55
165            android:name="com.aaptrix.activitys.student.ViewReports"
165-->src\main\AndroidManifest.xml:172:13-69
166            android:screenOrientation="portrait"
166-->src\main\AndroidManifest.xml:173:13-49
167            android:windowSoftInputMode="adjustPan" />
167-->src\main\AndroidManifest.xml:174:13-52
168        <activity
168-->src\main\AndroidManifest.xml:175:9-178:55
169            android:name="com.aaptrix.activitys.admin.AdminStaffLeaveIntermediate"
169-->src\main\AndroidManifest.xml:176:13-83
170            android:screenOrientation="portrait"
170-->src\main\AndroidManifest.xml:177:13-49
171            android:windowSoftInputMode="adjustPan" />
171-->src\main\AndroidManifest.xml:178:13-52
172        <activity
172-->src\main\AndroidManifest.xml:179:9-182:55
173            android:name="com.aaptrix.activitys.admin.AdminStaffLeave"
173-->src\main\AndroidManifest.xml:180:13-71
174            android:screenOrientation="portrait"
174-->src\main\AndroidManifest.xml:181:13-49
175            android:windowSoftInputMode="adjustPan" />
175-->src\main\AndroidManifest.xml:182:13-52
176        <activity
176-->src\main\AndroidManifest.xml:183:9-186:55
177            android:name="com.aaptrix.activitys.admin.AdminLeaveRequest"
177-->src\main\AndroidManifest.xml:184:13-73
178            android:screenOrientation="portrait"
178-->src\main\AndroidManifest.xml:185:13-49
179            android:windowSoftInputMode="adjustPan" />
179-->src\main\AndroidManifest.xml:186:13-52
180        <activity
180-->src\main\AndroidManifest.xml:187:9-190:55
181            android:name="com.aaptrix.activitys.teacher.StaffLeaveApplication"
181-->src\main\AndroidManifest.xml:188:13-79
182            android:screenOrientation="portrait"
182-->src\main\AndroidManifest.xml:189:13-49
183            android:windowSoftInputMode="adjustPan" />
183-->src\main\AndroidManifest.xml:190:13-52
184        <activity
184-->src\main\AndroidManifest.xml:191:9-194:55
185            android:name="com.aaptrix.activitys.teacher.StaffLeaveList"
185-->src\main\AndroidManifest.xml:192:13-72
186            android:screenOrientation="portrait"
186-->src\main\AndroidManifest.xml:193:13-49
187            android:windowSoftInputMode="adjustPan" />
187-->src\main\AndroidManifest.xml:194:13-52
188        <activity
188-->src\main\AndroidManifest.xml:195:9-198:55
189            android:name="com.aaptrix.activitys.teacher.StaffMyAttendance"
189-->src\main\AndroidManifest.xml:196:13-75
190            android:screenOrientation="portrait"
190-->src\main\AndroidManifest.xml:197:13-49
191            android:windowSoftInputMode="adjustPan" />
191-->src\main\AndroidManifest.xml:198:13-52
192        <activity
192-->src\main\AndroidManifest.xml:199:9-202:55
193            android:name="com.aaptrix.activitys.admin.AdminContacts"
193-->src\main\AndroidManifest.xml:200:13-69
194            android:screenOrientation="portrait"
194-->src\main\AndroidManifest.xml:201:13-49
195            android:windowSoftInputMode="adjustPan" />
195-->src\main\AndroidManifest.xml:202:13-52
196        <activity
196-->src\main\AndroidManifest.xml:203:9-206:55
197            android:name="com.aaptrix.activitys.admin.TeacherAttendance"
197-->src\main\AndroidManifest.xml:204:13-73
198            android:screenOrientation="portrait"
198-->src\main\AndroidManifest.xml:205:13-49
199            android:windowSoftInputMode="adjustPan" />
199-->src\main\AndroidManifest.xml:206:13-52
200        <activity
200-->src\main\AndroidManifest.xml:207:9-210:55
201            android:name="com.aaptrix.activitys.teacher.StaffAttendance"
201-->src\main\AndroidManifest.xml:208:13-73
202            android:screenOrientation="portrait"
202-->src\main\AndroidManifest.xml:209:13-49
203            android:windowSoftInputMode="adjustPan" />
203-->src\main\AndroidManifest.xml:210:13-52
204        <activity
204-->src\main\AndroidManifest.xml:211:9-214:55
205            android:name="com.aaptrix.activitys.admin.AddNewVideo"
205-->src\main\AndroidManifest.xml:212:13-67
206            android:screenOrientation="portrait"
206-->src\main\AndroidManifest.xml:213:13-49
207            android:windowSoftInputMode="adjustPan" />
207-->src\main\AndroidManifest.xml:214:13-52
208        <activity
208-->src\main\AndroidManifest.xml:215:9-219:55
209            android:name="com.aaptrix.activitys.student.VideoDetails"
209-->src\main\AndroidManifest.xml:216:13-70
210            android:configChanges="orientation|screenSize|keyboardHidden"
210-->src\main\AndroidManifest.xml:217:13-74
211            android:screenOrientation="portrait"
211-->src\main\AndroidManifest.xml:218:13-49
212            android:windowSoftInputMode="adjustPan" />
212-->src\main\AndroidManifest.xml:219:13-52
213        <activity
213-->src\main\AndroidManifest.xml:220:9-223:55
214            android:name="com.aaptrix.activitys.student.StudyMaterialDetail"
214-->src\main\AndroidManifest.xml:221:13-77
215            android:screenOrientation="portrait"
215-->src\main\AndroidManifest.xml:222:13-49
216            android:windowSoftInputMode="adjustPan" />
216-->src\main\AndroidManifest.xml:223:13-52
217        <activity
217-->src\main\AndroidManifest.xml:224:9-227:55
218            android:name="com.aaptrix.activitys.admin.AddNewMaterial"
218-->src\main\AndroidManifest.xml:225:13-70
219            android:screenOrientation="portrait"
219-->src\main\AndroidManifest.xml:226:13-49
220            android:windowSoftInputMode="adjustPan" />
220-->src\main\AndroidManifest.xml:227:13-52
221        <activity
221-->src\main\AndroidManifest.xml:228:9-231:55
222            android:name="com.aaptrix.activitys.student.StudyMaterial"
222-->src\main\AndroidManifest.xml:229:13-71
223            android:screenOrientation="portrait"
223-->src\main\AndroidManifest.xml:230:13-49
224            android:windowSoftInputMode="adjustPan" />
224-->src\main\AndroidManifest.xml:231:13-52
225        <activity
225-->src\main\AndroidManifest.xml:232:9-235:55
226            android:name="com.aaptrix.activitys.admin.AddNewGallery"
226-->src\main\AndroidManifest.xml:233:13-69
227            android:screenOrientation="portrait"
227-->src\main\AndroidManifest.xml:234:13-49
228            android:windowSoftInputMode="adjustPan" />
228-->src\main\AndroidManifest.xml:235:13-52
229        <activity
229-->src\main\AndroidManifest.xml:236:9-239:55
230            android:name="com.aaptrix.activitys.student.GalleryDetail"
230-->src\main\AndroidManifest.xml:237:13-71
231            android:screenOrientation="portrait"
231-->src\main\AndroidManifest.xml:238:13-49
232            android:windowSoftInputMode="adjustPan" />
232-->src\main\AndroidManifest.xml:239:13-52
233        <activity
233-->src\main\AndroidManifest.xml:240:9-243:55
234            android:name="com.aaptrix.activitys.student.GalleryActivity"
234-->src\main\AndroidManifest.xml:241:13-73
235            android:screenOrientation="portrait"
235-->src\main\AndroidManifest.xml:242:13-49
236            android:windowSoftInputMode="adjustPan" />
236-->src\main\AndroidManifest.xml:243:13-52
237        <activity
237-->src\main\AndroidManifest.xml:244:9-247:55
238            android:name="com.aaptrix.activitys.admin.AddNewHomework"
238-->src\main\AndroidManifest.xml:245:13-70
239            android:screenOrientation="portrait"
239-->src\main\AndroidManifest.xml:246:13-49
240            android:windowSoftInputMode="adjustPan" />
240-->src\main\AndroidManifest.xml:247:13-52
241        <activity
241-->src\main\AndroidManifest.xml:248:9-251:55
242            android:name="com.aaptrix.activitys.admin.AddNewDiary"
242-->src\main\AndroidManifest.xml:249:13-67
243            android:screenOrientation="portrait"
243-->src\main\AndroidManifest.xml:250:13-49
244            android:windowSoftInputMode="adjustPan" />
244-->src\main\AndroidManifest.xml:251:13-52
245        <activity
245-->src\main\AndroidManifest.xml:252:9-254:55
246            android:name="com.aaptrix.activitys.admin.AddNewEvent"
246-->src\main\AndroidManifest.xml:253:13-67
247            android:windowSoftInputMode="adjustPan" />
247-->src\main\AndroidManifest.xml:254:13-52
248        <activity
248-->src\main\AndroidManifest.xml:255:9-258:55
249            android:name="com.aaptrix.activitys.admin.AddNewActivity"
249-->src\main\AndroidManifest.xml:256:13-70
250            android:screenOrientation="portrait"
250-->src\main\AndroidManifest.xml:257:13-49
251            android:windowSoftInputMode="adjustPan" />
251-->src\main\AndroidManifest.xml:258:13-52
252        <activity
252-->src\main\AndroidManifest.xml:259:9-262:55
253            android:name="com.aaptrix.activitys.admin.AddNewPublication"
253-->src\main\AndroidManifest.xml:260:13-73
254            android:screenOrientation="portrait"
254-->src\main\AndroidManifest.xml:261:13-49
255            android:windowSoftInputMode="adjustPan" />
255-->src\main\AndroidManifest.xml:262:13-52
256
257        <meta-data
257-->src\main\AndroidManifest.xml:264:9-266:55
258            android:name="com.google.android.geo.API_KEY"
258-->src\main\AndroidManifest.xml:265:13-58
259            android:value="@string/google_maps_key" />
259-->src\main\AndroidManifest.xml:266:13-52
260
261        <activity
261-->src\main\AndroidManifest.xml:268:9-278:20
262            android:name="com.aaptrix.activitys.SplashScreen"
262-->src\main\AndroidManifest.xml:269:13-62
263            android:screenOrientation="portrait"
263-->src\main\AndroidManifest.xml:270:13-49
264            android:theme="@android:style/Theme.Light.NoTitleBar"
264-->src\main\AndroidManifest.xml:271:13-66
265            android:windowSoftInputMode="adjustPan" >
265-->src\main\AndroidManifest.xml:272:13-52
266            <intent-filter>
266-->src\main\AndroidManifest.xml:273:13-277:29
267                <action android:name="android.intent.action.MAIN" />
267-->src\main\AndroidManifest.xml:274:17-69
267-->src\main\AndroidManifest.xml:274:25-66
268
269                <category android:name="android.intent.category.LAUNCHER" />
269-->src\main\AndroidManifest.xml:276:17-77
269-->src\main\AndroidManifest.xml:276:27-74
270            </intent-filter>
271        </activity>
272        <activity
272-->src\main\AndroidManifest.xml:279:9-281:59
273            android:name="com.theartofdev.edmodo.cropper.CropImageActivity"
273-->src\main\AndroidManifest.xml:280:13-76
274            android:theme="@style/Base.Theme.AppCompat" />
274-->src\main\AndroidManifest.xml:281:13-56
275
276        <receiver android:name="com.aaptrix.notifications.NotificationPublisher" />
276-->src\main\AndroidManifest.xml:283:9-84
276-->src\main\AndroidManifest.xml:283:19-81
277
278        <service
278-->src\main\AndroidManifest.xml:285:9-291:19
279            android:name="com.aaptrix.notifications.MyFirebaseInstanceIdService"
279-->src\main\AndroidManifest.xml:286:13-81
280            android:exported="false" >
280-->src\main\AndroidManifest.xml:287:13-37
281            <intent-filter>
281-->src\main\AndroidManifest.xml:288:13-290:29
282                <action android:name="com.google.firebase.INSTANCE_ID_EVENT" />
282-->src\main\AndroidManifest.xml:289:17-80
282-->src\main\AndroidManifest.xml:289:25-77
283            </intent-filter>
284        </service>
285        <service
285-->src\main\AndroidManifest.xml:292:9-298:19
286            android:name="com.aaptrix.notifications.MyFirebaseMessagingService"
286-->src\main\AndroidManifest.xml:293:13-80
287            android:exported="false" >
287-->src\main\AndroidManifest.xml:294:13-37
288            <intent-filter>
288-->src\main\AndroidManifest.xml:295:13-297:29
289                <action android:name="com.google.firebase.MESSAGING_EVENT" />
289-->src\main\AndroidManifest.xml:296:17-78
289-->src\main\AndroidManifest.xml:296:25-75
290            </intent-filter>
291        </service>
292
293        <activity
293-->src\main\AndroidManifest.xml:300:9-302:52
294            android:name="com.aaptrix.activitys.TermsConditionsActivity"
294-->src\main\AndroidManifest.xml:301:13-73
295            android:screenOrientation="portrait" />
295-->src\main\AndroidManifest.xml:302:13-49
296        <activity
296-->src\main\AndroidManifest.xml:303:9-305:52
297            android:name="com.aaptrix.activitys.SelectRoleActivity"
297-->src\main\AndroidManifest.xml:304:13-68
298            android:screenOrientation="portrait" />
298-->src\main\AndroidManifest.xml:305:13-49
299        <activity
299-->src\main\AndroidManifest.xml:306:9-308:52
300            android:name="com.aaptrix.activitys.student.InstituteBuzzActivity"
300-->src\main\AndroidManifest.xml:307:13-79
301            android:screenOrientation="portrait" />
301-->src\main\AndroidManifest.xml:308:13-49
302        <activity
302-->src\main\AndroidManifest.xml:309:9-311:52
303            android:name="com.aaptrix.activitys.MobileNumberActivity"
303-->src\main\AndroidManifest.xml:310:13-70
304            android:screenOrientation="portrait" />
304-->src\main\AndroidManifest.xml:311:13-49
305        <activity
305-->src\main\AndroidManifest.xml:312:9-314:52
306            android:name="com.aaptrix.activitys.OtpScreenActivity"
306-->src\main\AndroidManifest.xml:313:13-67
307            android:screenOrientation="portrait" />
307-->src\main\AndroidManifest.xml:314:13-49
308        <activity
308-->src\main\AndroidManifest.xml:315:9-317:52
309            android:name="com.aaptrix.activitys.ChangePasswordActivity"
309-->src\main\AndroidManifest.xml:316:13-72
310            android:screenOrientation="portrait" />
310-->src\main\AndroidManifest.xml:317:13-49
311        <activity
311-->src\main\AndroidManifest.xml:318:9-320:52